Streaming transaction logs mentioning 2qtD2meLckv1sYRU6Hv36SFL1bVc3VPK3FvGPpf97X7E. Confirmed commitment
Transaction executed in slot 173339932:
  Signature: 2jLqJYzWSLdHDk3w6Tp7cVGae9MQQoJAYZZpd88zeLrPwDeKsdk3gH7fBSyT5hCqHUQgtAT3yoy3pfSKc5fqvo5g
  Status: Ok
  Log Messages:
    Program 2qtD2meLckv1sYRU6Hv36SFL1bVc3VPK3FvGPpf97X7E invoke [1]
    Program log: Instruction: StartStuffOff
    Program 11111111111111111111111111111111 invoke [2]
    Program 11111111111111111111111111111111 success
    Program 2qtD2meLckv1sYRU6Hv36SFL1bVc3VPK3FvGPpf97X7E consumed 7208 of 200000 compute units
    Program 2qtD2meLckv1sYRU6Hv36SFL1bVc3VPK3FvGPpf97X7E success
Transaction executed in slot 173339934:
  Signature: 2jLqJYzWSLdHDk3w6Tp7cVGae9MQQoJAYZZpd88zeLrPwDeKsdk3gH7fBSyT5hCqHUQgtAT3yoy3pfSKc5fqvo5g
  Status: Ok
  Log Messages:
    Program 2qtD2meLckv1sYRU6Hv36SFL1bVc3VPK3FvGPpf97X7E invoke [1]
    Program log: Instruction: StartStuffOff
    Program 11111111111111111111111111111111 invoke [2]
    Program 11111111111111111111111111111111 success
    Program 2qtD2meLckv1sYRU6Hv36SFL1bVc3VPK3FvGPpf97X7E consumed 7208 of 200000 compute units
    Program 2qtD2meLckv1sYRU6Hv36SFL1bVc3VPK3FvGPpf97X7E success
Transaction executed in slot 173339939:
  Signature: 3g9dLHpQXxzmww2hGMM5JWykLzaNyGNoTaTY7A7uYW92YDrDP2wigNHVx3aTLd9VSjSbfd2N98Caj6fCn5tZPxoC
  Status: Ok
  Log Messages:
    Program 2qtD2meLckv1sYRU6Hv36SFL1bVc3VPK3FvGPpf97X7E invoke [1]
    Program log: Instruction: AddGif
    Program 2qtD2meLckv1sYRU6Hv36SFL1bVc3VPK3FvGPpf97X7E consumed 3386 of 200000 compute units
    Program 2qtD2meLckv1sYRU6Hv36SFL1bVc3VPK3FvGPpf97X7E success
Transaction executed in slot 173339940:
  Signature: 3g9dLHpQXxzmww2hGMM5JWykLzaNyGNoTaTY7A7uYW92YDrDP2wigNHVx3aTLd9VSjSbfd2N98Caj6fCn5tZPxoC
  Status: Ok
  Log Messages:
    Program 2qtD2meLckv1sYRU6Hv36SFL1bVc3VPK3FvGPpf97X7E invoke [1]
    Program log: Instruction: AddGif
    Program 2qtD2meLckv1sYRU6Hv36SFL1bVc3VPK3FvGPpf97X7E consumed 3386 of 200000 compute units
    Program 2qtD2meLckv1sYRU6Hv36SFL1bVc3VPK3FvGPpf97X7E success
Transaction executed in slot 173339944:
  Signature: 21SjCBhvXFe3yArFXxPQHS4MVy9hLWXPygKweNBCuNAixJqbakS1FRXwaT4R1sSjz6baca8Uv3NJDvEeo7ZpcEdW
  Status: Ok
  Log Messages:
    Program 2qtD2meLckv1sYRU6Hv36SFL1bVc3VPK3FvGPpf97X7E invoke [1]
    Program log: Instruction: Vote
    Program 2qtD2meLckv1sYRU6Hv36SFL1bVc3VPK3FvGPpf97X7E consumed 3702 of 200000 compute units
    Program 2qtD2meLckv1sYRU6Hv36SFL1bVc3VPK3FvGPpf97X7E success
Transaction executed in slot 173339945:
  Signature: 21SjCBhvXFe3yArFXxPQHS4MVy9hLWXPygKweNBCuNAixJqbakS1FRXwaT4R1sSjz6baca8Uv3NJDvEeo7ZpcEdW
  Status: Ok
  Log Messages:
    Program 2qtD2meLckv1sYRU6Hv36SFL1bVc3VPK3FvGPpf97X7E invoke [1]
    Program log: Instruction: Vote
    Program 2qtD2meLckv1sYRU6Hv36SFL1bVc3VPK3FvGPpf97X7E consumed 3702 of 200000 compute units
    Program 2qtD2meLckv1sYRU6Hv36SFL1bVc3VPK3FvGPpf97X7E success
